::1 - - [11/Aug/2020:13:51:25 +0000] "GET /api/farmers/fetchfarmers HTTP/1.1" 200 10492 "-" "PostmanRuntime/7.26.3"
::1 - - [11/Aug/2020:15:08:01 +0000] "OPTIONS /api/farmers/signin HTTP/1.1" 204 0 "http://localhost:4200/home" "Mozilla/5.0 (Windows NT 10.0; Win64; x64) AppleWebKit/537.36 (KHTML, like Gecko) Chrome/84.0.4147.105 Safari/537.36"
::1 - - [11/Aug/2020:15:08:01 +0000] "POST /api/farmers/signin HTTP/1.1" 200 93 "http://localhost:4200/home" "Mozilla/5.0 (Windows NT 10.0; Win64; x64) AppleWebKit/537.36 (KHTML, like Gecko) Chrome/84.0.4147.105 Safari/537.36"
::1 - - [11/Aug/2020:15:08:11 +0000] "OPTIONS /api/farmers/signin HTTP/1.1" 204 0 "http://localhost:4200/home" "Mozilla/5.0 (Windows NT 10.0; Win64; x64) AppleWebKit/537.36 (KHTML, like Gecko) Chrome/84.0.4147.105 Safari/537.36"
::1 - - [11/Aug/2020:15:08:11 +0000] "POST /api/farmers/signin HTTP/1.1" 200 93 "http://localhost:4200/home" "Mozilla/5.0 (Windows NT 10.0; Win64; x64) AppleWebKit/537.36 (KHTML, like Gecko) Chrome/84.0.4147.105 Safari/537.36"
::1 - - [11/Aug/2020:15:08:58 +0000] "OPTIONS /api/farmers/signin HTTP/1.1" 204 0 "http://localhost:4200/home" "Mozilla/5.0 (Windows NT 10.0; Win64; x64) AppleWebKit/537.36 (KHTML, like Gecko) Chrome/84.0.4147.105 Safari/537.36"
::1 - - [11/Aug/2020:15:08:58 +0000] "POST /api/farmers/signin HTTP/1.1" 200 93 "http://localhost:4200/home" "Mozilla/5.0 (Windows NT 10.0; Win64; x64) AppleWebKit/537.36 (KHTML, like Gecko) Chrome/84.0.4147.105 Safari/537.36"
::1 - - [11/Aug/2020:15:09:57 +0000] "GET /api/orders/pending/farmers/1 HTTP/1.1" 304 - "http://localhost:4200/farmers/orders" "Mozilla/5.0 (Windows NT 10.0; Win64; x64) AppleWebKit/537.36 (KHTML, like Gecko) Chrome/84.0.4147.105 Safari/537.36"
::1 - - [11/Aug/2020:15:10:01 +0000] "OPTIONS /api/customers/signin HTTP/1.1" 204 0 "http://localhost:4200/home" "Mozilla/5.0 (Windows NT 10.0; Win64; x64) AppleWebKit/537.36 (KHTML, like Gecko) Chrome/84.0.4147.105 Safari/537.36"
::1 - - [11/Aug/2020:15:10:01 +0000] "POST /api/customers/signin HTTP/1.1" 200 571 "http://localhost:4200/home" "Mozilla/5.0 (Windows NT 10.0; Win64; x64) AppleWebKit/537.36 (KHTML, like Gecko) Chrome/84.0.4147.105 Safari/537.36"
::1 - - [11/Aug/2020:15:11:52 +0000] "GET /api/orders/pending/farmers/1 HTTP/1.1" 304 - "http://localhost:4200/farmers/orders" "Mozilla/5.0 (Windows NT 10.0; Win64; x64) AppleWebKit/537.36 (KHTML, like Gecko) Chrome/84.0.4147.105 Safari/537.36"
::1 - - [11/Aug/2020:15:12:06 +0000] "OPTIONS /api/farmers/signin HTTP/1.1" 204 0 "http://localhost:4200/home" "Mozilla/5.0 (Windows NT 10.0; Win64; x64) AppleWebKit/537.36 (KHTML, like Gecko) Chrome/84.0.4147.105 Safari/537.36"
::1 - - [11/Aug/2020:15:12:06 +0000] "POST /api/farmers/signin HTTP/1.1" 200 93 "http://localhost:4200/home" "Mozilla/5.0 (Windows NT 10.0; Win64; x64) AppleWebKit/537.36 (KHTML, like Gecko) Chrome/84.0.4147.105 Safari/537.36"
::1 - - [11/Aug/2020:15:12:07 +0000] "GET /api/farmers/5f2f3159d5f2e432f096956b/fetch HTTP/1.1" 200 973 "http://localhost:4200/farmers" "Mozilla/5.0 (Windows NT 10.0; Win64; x64) AppleWebKit/537.36 (KHTML, like Gecko) Chrome/84.0.4147.105 Safari/537.36"
::1 - - [11/Aug/2020:15:15:57 +0000] "OPTIONS /api/farmers/signup HTTP/1.1" 204 0 "http://localhost:4200/home/signup" "Mozilla/5.0 (Windows NT 10.0; Win64; x64) AppleWebKit/537.36 (KHTML, like Gecko) Chrome/84.0.4147.105 Safari/537.36"
::1 - - [11/Aug/2020:15:15:57 +0000] "POST /api/farmers/signup HTTP/1.1" 401 23 "http://localhost:4200/home/signup" "Mozilla/5.0 (Windows NT 10.0; Win64; x64) AppleWebKit/537.36 (KHTML, like Gecko) Chrome/84.0.4147.105 Safari/537.36"
::1 - - [11/Aug/2020:15:17:58 +0000] "OPTIONS /api/farmers/signup HTTP/1.1" 204 0 "http://localhost:4200/home/signup" "Mozilla/5.0 (Windows NT 10.0; Win64; x64) AppleWebKit/537.36 (KHTML, like Gecko) Chrome/84.0.4147.105 Safari/537.36"
::1 - - [11/Aug/2020:15:17:58 +0000] "POST /api/farmers/signup HTTP/1.1" 401 23 "http://localhost:4200/home/signup" "Mozilla/5.0 (Windows NT 10.0; Win64; x64) AppleWebKit/537.36 (KHTML, like Gecko) Chrome/84.0.4147.105 Safari/537.36"
::1 - - [11/Aug/2020:15:19:02 +0000] "POST /api/farmers/signup HTTP/1.1" 200 465 "-" "Mozilla/5.0 (Windows NT 10.0; Win64; x64) AppleWebKit/537.36 (KHTML, like Gecko) Chrome/84.0.4147.105 Safari/537.36"
::1 - - [11/Aug/2020:15:19:54 +0000] "POST /api/farmers/signup HTTP/1.1" 200 325 "-" "Mozilla/5.0 (Windows NT 10.0; Win64; x64) AppleWebKit/537.36 (KHTML, like Gecko) Chrome/84.0.4147.105 Safari/537.36"
::1 - - [11/Aug/2020:15:21:41 +0000] "OPTIONS /api/farmers/signup HTTP/1.1" 204 0 "http://localhost:4200/home/signup" "Mozilla/5.0 (Windows NT 10.0; Win64; x64) AppleWebKit/537.36 (KHTML, like Gecko) Chrome/84.0.4147.105 Safari/537.36"
::1 - - [11/Aug/2020:15:21:41 +0000] "POST /api/farmers/signup HTTP/1.1" 401 23 "http://localhost:4200/home/signup" "Mozilla/5.0 (Windows NT 10.0; Win64; x64) AppleWebKit/537.36 (KHTML, like Gecko) Chrome/84.0.4147.105 Safari/537.36"
::1 - - [11/Aug/2020:15:22:31 +0000] "OPTIONS /api/farmers/signup HTTP/1.1" 204 0 "http://localhost:4200/home/signup" "Mozilla/5.0 (Windows NT 10.0; Win64; x64) AppleWebKit/537.36 (KHTML, like Gecko) Chrome/84.0.4147.105 Safari/537.36"
::1 - - [11/Aug/2020:15:22:32 +0000] "POST /api/farmers/signup HTTP/1.1" 401 23 "http://localhost:4200/home/signup" "Mozilla/5.0 (Windows NT 10.0; Win64; x64) AppleWebKit/537.36 (KHTML, like Gecko) Chrome/84.0.4147.105 Safari/537.36"
::1 - - [11/Aug/2020:15:23:42 +0000] "OPTIONS /api/farmers/signup HTTP/1.1" 204 0 "http://localhost:4200/home/signup" "Mozilla/5.0 (Windows NT 10.0; Win64; x64) AppleWebKit/537.36 (KHTML, like Gecko) Chrome/84.0.4147.105 Safari/537.36"
::1 - - [11/Aug/2020:15:23:42 +0000] "POST /api/farmers/signup HTTP/1.1" 401 23 "http://localhost:4200/home/signup" "Mozilla/5.0 (Windows NT 10.0; Win64; x64) AppleWebKit/537.36 (KHTML, like Gecko) Chrome/84.0.4147.105 Safari/537.36"
::1 - - [11/Aug/2020:15:25:18 +0000] "OPTIONS /api/farmers/signup HTTP/1.1" 204 0 "http://localhost:4200/home/signup" "Mozilla/5.0 (Windows NT 10.0; Win64; x64) AppleWebKit/537.36 (KHTML, like Gecko) Chrome/84.0.4147.105 Safari/537.36"
::1 - - [11/Aug/2020:15:25:18 +0000] "POST /api/farmers/signup HTTP/1.1" 401 23 "http://localhost:4200/home/signup" "Mozilla/5.0 (Windows NT 10.0; Win64; x64) AppleWebKit/537.36 (KHTML, like Gecko) Chrome/84.0.4147.105 Safari/537.36"
::1 - - [11/Aug/2020:15:25:51 +0000] "OPTIONS /api/farmers/signin HTTP/1.1" 204 0 "http://localhost:4200/home" "Mozilla/5.0 (Windows NT 10.0; Win64; x64) AppleWebKit/537.36 (KHTML, like Gecko) Chrome/84.0.4147.105 Safari/537.36"
::1 - - [11/Aug/2020:15:25:51 +0000] "POST /api/farmers/signin HTTP/1.1" 200 93 "http://localhost:4200/home" "Mozilla/5.0 (Windows NT 10.0; Win64; x64) AppleWebKit/537.36 (KHTML, like Gecko) Chrome/84.0.4147.105 Safari/537.36"
::1 - - [11/Aug/2020:15:25:53 +0000] "GET /api/farmers/5f2f3159d5f2e432f096956b/fetch HTTP/1.1" 304 - "http://localhost:4200/farmers" "Mozilla/5.0 (Windows NT 10.0; Win64; x64) AppleWebKit/537.36 (KHTML, like Gecko) Chrome/84.0.4147.105 Safari/537.36"
::1 - - [11/Aug/2020:15:36:51 +0000] "OPTIONS /api/farmers/signup HTTP/1.1" 204 0 "http://localhost:4200/home/signup" "Mozilla/5.0 (Windows NT 10.0; Win64; x64) AppleWebKit/537.36 (KHTML, like Gecko) Chrome/84.0.4147.105 Safari/537.36"
::1 - - [11/Aug/2020:15:36:52 +0000] "POST /api/farmers/signup HTTP/1.1" 200 342 "http://localhost:4200/home/signup" "Mozilla/5.0 (Windows NT 10.0; Win64; x64) AppleWebKit/537.36 (KHTML, like Gecko) Chrome/84.0.4147.105 Safari/537.36"
::1 - - [11/Aug/2020:15:37:07 +0000] "OPTIONS /api/farmers/signup HTTP/1.1" 204 0 "http://localhost:4200/home/signup" "Mozilla/5.0 (Windows NT 10.0; Win64; x64) AppleWebKit/537.36 (KHTML, like Gecko) Chrome/84.0.4147.105 Safari/537.36"
::1 - - [11/Aug/2020:15:37:07 +0000] "POST /api/farmers/signup HTTP/1.1" 401 23 "http://localhost:4200/home/signup" "Mozilla/5.0 (Windows NT 10.0; Win64; x64) AppleWebKit/537.36 (KHTML, like Gecko) Chrome/84.0.4147.105 Safari/537.36"
::1 - - [11/Aug/2020:15:37:28 +0000] "OPTIONS /api/farmers/signup HTTP/1.1" 204 0 "http://localhost:4200/home/signup" "Mozilla/5.0 (Windows NT 10.0; Win64; x64) AppleWebKit/537.36 (KHTML, like Gecko) Chrome/84.0.4147.105 Safari/537.36"
::1 - - [11/Aug/2020:15:37:28 +0000] "POST /api/farmers/signup HTTP/1.1" 200 343 "http://localhost:4200/home/signup" "Mozilla/5.0 (Windows NT 10.0; Win64; x64) AppleWebKit/537.36 (KHTML, like Gecko) Chrome/84.0.4147.105 Safari/537.36"
::1 - - [11/Aug/2020:15:39:00 +0000] "OPTIONS /api/farmers/signup HTTP/1.1" 204 0 "http://localhost:4200/home/signup" "Mozilla/5.0 (Windows NT 10.0; Win64; x64) AppleWebKit/537.36 (KHTML, like Gecko) Chrome/84.0.4147.105 Safari/537.36"
::1 - - [11/Aug/2020:15:39:00 +0000] "POST /api/farmers/signup HTTP/1.1" 200 345 "http://localhost:4200/home/signup" "Mozilla/5.0 (Windows NT 10.0; Win64; x64) AppleWebKit/537.36 (KHTML, like Gecko) Chrome/84.0.4147.105 Safari/537.36"
::1 - - [11/Aug/2020:15:43:43 +0000] "OPTIONS /api/customers/signup HTTP/1.1" 204 0 "http://localhost:4200/home/signup" "Mozilla/5.0 (Windows NT 10.0; Win64; x64) AppleWebKit/537.36 (KHTML, like Gecko) Chrome/84.0.4147.105 Safari/537.36"
::1 - - [11/Aug/2020:15:43:44 +0000] "POST /api/customers/signup HTTP/1.1" 200 334 "http://localhost:4200/home/signup" "Mozilla/5.0 (Windows NT 10.0; Win64; x64) AppleWebKit/537.36 (KHTML, like Gecko) Chrome/84.0.4147.105 Safari/537.36"
::1 - - [11/Aug/2020:15:52:55 +0000] "OPTIONS /api/farmers/signup HTTP/1.1" 204 0 "http://localhost:4200/home/signup" "Mozilla/5.0 (Windows NT 10.0; Win64; x64) AppleWebKit/537.36 (KHTML, like Gecko) Chrome/84.0.4147.105 Safari/537.36"
::1 - - [11/Aug/2020:15:52:56 +0000] "POST /api/farmers/signup HTTP/1.1" 500 26 "http://localhost:4200/home/signup" "Mozilla/5.0 (Windows NT 10.0; Win64; x64) AppleWebKit/537.36 (KHTML, like Gecko) Chrome/84.0.4147.105 Safari/537.36"
::1 - - [11/Aug/2020:15:54:15 +0000] "OPTIONS /api/farmers/signin HTTP/1.1" 204 0 "http://localhost:4200/home" "Mozilla/5.0 (Windows NT 10.0; Win64; x64) AppleWebKit/537.36 (KHTML, like Gecko) Chrome/84.0.4147.105 Safari/537.36"
::1 - - [11/Aug/2020:15:54:15 +0000] "POST /api/farmers/signin HTTP/1.1" 200 90 "http://localhost:4200/home" "Mozilla/5.0 (Windows NT 10.0; Win64; x64) AppleWebKit/537.36 (KHTML, like Gecko) Chrome/84.0.4147.105 Safari/537.36"
::1 - - [11/Aug/2020:15:54:17 +0000] "GET /api/farmers/5f2f3159d5f2e432f096956b/fetch HTTP/1.1" 304 - "http://localhost:4200/farmers" "Mozilla/5.0 (Windows NT 10.0; Win64; x64) AppleWebKit/537.36 (KHTML, like Gecko) Chrome/84.0.4147.105 Safari/537.36"
